11.04.2022 23:40:02	This log contains information about the import schema operation into project 'OdeonHotel' on computer 'DESKTOP-M5CB27G' by user 'Jawad Fathi'.
11.04.2022 23:40:02	Import of database schema has started.
11.04.2022 23:40:08	Gathering database credentials
11.04.2022 23:40:08	Gathering database options
11.04.2022 23:40:08	Gathering generic database scoped configuration option
11.04.2022 23:40:08	Gathering users
11.04.2022 23:40:08	Gathering roles
11.04.2022 23:40:08	Gathering application roles
11.04.2022 23:40:08	Gathering role memberships
11.04.2022 23:40:08	Gathering filegroups
11.04.2022 23:40:08	Gathering full-text catalogs
11.04.2022 23:40:08	Gathering assemblies
11.04.2022 23:40:08	Gathering certificates
11.04.2022 23:40:08	Gathering asymmetric keys
11.04.2022 23:40:08	Gathering symmetric keys
11.04.2022 23:40:08	Gathering encrypted symmetric keys
11.04.2022 23:40:08	Gathering schemas
11.04.2022 23:40:08	Gathering XML schema collections
11.04.2022 23:40:08	Gathering user-defined data types
11.04.2022 23:40:08	Gathering user-defined types
11.04.2022 23:40:08	Gathering table types
11.04.2022 23:40:08	Gathering unique keys for table types
11.04.2022 23:40:08	Gathering primary keys for table types
11.04.2022 23:40:08	Gathering indexes for table types
11.04.2022 23:40:09	Gathering check constraints for table types
11.04.2022 23:40:09	Gathering default constraints for table types
11.04.2022 23:40:09	Gathering partition functions
11.04.2022 23:40:09	Gathering partition schemes
11.04.2022 23:40:09	Gathering functions
11.04.2022 23:40:09	Gathering encrypted functions
11.04.2022 23:40:09	Gathering aggregates
11.04.2022 23:40:09	Gathering procedures
11.04.2022 23:40:09	Gathering encrypted procedures
11.04.2022 23:40:09	Gathering tables
11.04.2022 23:40:09	Gathering primary keys
11.04.2022 23:40:09	Gathering unique constraints
11.04.2022 23:40:09	Gathering foreign keys
11.04.2022 23:40:09	Gathering default constraints
11.04.2022 23:40:09	Gathering check constraints
11.04.2022 23:40:09	Gathering views
11.04.2022 23:40:09	Gathering encrypted views
11.04.2022 23:40:09	Gathering indexes
11.04.2022 23:40:09	Gathering statistics
11.04.2022 23:40:09	Gathering full-text index stoplists
11.04.2022 23:40:09	Gathering search property lists
11.04.2022 23:40:09	Gathering search properties
11.04.2022 23:40:09	Gathering full-text indexes
11.04.2022 23:40:09	Gathering column store indexes
11.04.2022 23:40:09	Gathering spatial indexes
11.04.2022 23:40:09	Gathering XML indexes
11.04.2022 23:40:09	Gathering Selective XML indexes
11.04.2022 23:40:09	Gathering encrypted triggers
11.04.2022 23:40:09	Gathering triggers
11.04.2022 23:40:09	Gathering encrypted and clr ddl triggers
11.04.2022 23:40:09	Gathering ddl triggers
11.04.2022 23:40:09	Creating edge constraints
11.04.2022 23:40:09	Gathering synonyms
11.04.2022 23:40:09	Gathering defaults
11.04.2022 23:40:09	Gathering data constraint uddt bindings
11.04.2022 23:40:09	Gathering rules
11.04.2022 23:40:09	Gathering data constraint uddt bindings
11.04.2022 23:40:09	Gathering message types
11.04.2022 23:40:09	Gathering queues
11.04.2022 23:40:09	Gathering contracts
11.04.2022 23:40:09	Gathering services
11.04.2022 23:40:09	Gathering event notifications
11.04.2022 23:40:09	Gathering remote service bindings
11.04.2022 23:40:09	Gathering broker priorities
11.04.2022 23:40:09	Gathering signatures
11.04.2022 23:40:09	Gathering data compression options
11.04.2022 23:40:09	Gathering sequence types
11.04.2022 23:40:09	Gathering security policies
11.04.2022 23:40:09	Gather column encryption keys
11.04.2022 23:40:09	Gathering column master keys
11.04.2022 23:40:09	Gathering external data sources
11.04.2022 23:40:09	Gathering external file formats
11.04.2022 23:40:09	Gathering external tables
11.04.2022 23:40:09	Gathering extended properties
11.04.2022 23:40:09	Gathering assemblies
11.04.2022 23:40:09	Gathering credentials
11.04.2022 23:40:09	Gathering logins
11.04.2022 23:40:09	Gathering server audits
11.04.2022 23:40:11	Scanning project for duplicate elements
11.04.2022 23:40:11	Finished duplicate element processing
11.04.2022 23:40:12	Finished importing database.
11.04.2022 23:40:12	A summary of the import was saved to the following location: C:\k1\Private_Sarente_PC\17102021\OdeonHotelTestCase\OdeonHotelDB\OdeonHotel\Import Schema Logs\OdeonHotel_20220411084002.log
11.04.2022 23:40:12	Click Finish to continue...
